<?xml version="1.0" encoding="UTF-8"?>
<!-- Generated by org.testng.reporters.JUnitXMLReporter -->
<testsuite hostname="Sunils-MacBook-Pro.local" ignored="0" name="Test" tests="2" failures="1" timestamp="2020-08-12T18:58:20 IST" time="0.073" errors="0">
  <testcase name="Test2" time="0.007" classname="Test.jenk"/>
  <testcase name="api_Hit" time="0.006" classname="Test.jenk">
    <failure type="java.lang.AssertionError" message="chanhes did not expect to find [true] but found [false]">
      <![CDATA[java.lang.AssertionError: chanhes did not expect to find [true] but found [false]
at Test.jenk.api_Hit(jenk.java:11)
at java.util.ArrayList.forEach(ArrayList.java:1257)
... Removed 33 stack frames]]>
    </failure>
  </testcase> <!-- api_Hit -->
</testsuite> <!-- Test -->
